<?xml version="1.0" encoding="UTF-8"?>
<!-- Generated by org.testng.reporters.JUnitReportReporter -->
<testsuite hostname="DESKTOP-II6BSLU" failures="0" tests="1" name="runner.Runner" time="31.909" errors="0" timestamp="2024-09-22T23:26:19 IST" skipped="0">
  <testcase classname="runner.Runner" name="runScenario" time="31.909"/>
</testsuite> <!-- runner.Runner -->
